<?xml version="1.0" encoding="UTF-8"?>
<robot generator="Robot 7.2.2 (Python 3.12.0 on win32)" generated="2025-07-13T22:48:52.051438" rpa="false" schemaversion="5">
<suite id="s1" name="Test Servicenow" source="C:\Users\geams\OneDrive\Bureau\ProjetAlten\tests\test_servicenow.robot">
<kw name="Ouvrir le navigateur ServiceNow" owner="servicenow_keywords" type="SETUP">
<kw name="Open Browser" owner="SeleniumLibrary">
<msg time="2025-07-13T22:48:52.271084" level="INFO">Opening browser 'chrome' to base url 'https://bouyguestelecomltt3.service-now.com/'.</msg>
<arg>${SERVICENOW_URL}</arg>
<arg>${BROWSER}</arg>
<doc>Opens a new browser instance to the optional ``url``.</doc>
<status status="PASS" start="2025-07-13T22:48:52.271084" elapsed="6.727922"/>
</kw>
<kw name="Maximize Browser Window" owner="SeleniumLibrary">
<doc>Maximizes current browser window.</doc>
<status status="PASS" start="2025-07-13T22:48:58.999006" elapsed="0.025996"/>
</kw>
<status status="PASS" start="2025-07-13T22:48:52.271084" elapsed="6.753918"/>
</kw>
<test id="s1-t1" name="Création et vérifications d’un ticket sur ServiceNow" line="7">
<kw name="Se connecter à ServiceNow" owner="servicenow_keywords">
<kw name="Wait Until Element Is Visible" owner="SeleniumLibrary">
<arg>id=user_name</arg>
<arg>timeout=15s</arg>
<doc>Waits until the element ``locator`` is visible.</doc>
<status status="PASS" start="2025-07-13T22:48:59.026379" elapsed="0.026917"/>
</kw>
<kw name="Input Text" owner="SeleniumLibrary">
<msg time="2025-07-13T22:48:59.053296" level="INFO">Typing text 'altst004' into text field 'id=user_name'.</msg>
<arg>id=user_name</arg>
<arg>${SNOW_USERNAME}</arg>
<doc>Types the given ``text`` into the text field identified by ``locator``.</doc>
<status status="PASS" start="2025-07-13T22:48:59.053296" elapsed="0.104827"/>
</kw>
<kw name="Input Text" owner="SeleniumLibrary">
<msg time="2025-07-13T22:48:59.158123" level="INFO">Typing text 'Automatisation@2023' into text field 'id=user_password'.</msg>
<arg>id=user_password</arg>
<arg>${SNOW_PASSWORD}</arg>
<doc>Types the given ``text`` into the text field identified by ``locator``.</doc>
<status status="PASS" start="2025-07-13T22:48:59.158123" elapsed="0.104029"/>
</kw>
<kw name="Click Button" owner="SeleniumLibrary">
<msg time="2025-07-13T22:48:59.263150" level="INFO">Clicking button 'id=sysverb_login'.</msg>
<arg>id=sysverb_login</arg>
<doc>Clicks the button identified by ``locator``.</doc>
<status status="PASS" start="2025-07-13T22:48:59.263150" elapsed="7.567230"/>
</kw>
<status status="PASS" start="2025-07-13T22:48:59.026379" elapsed="7.804001"/>
</kw>
<kw name="Sleep" owner="BuiltIn">
<msg time="2025-07-13T22:49:11.831663" level="INFO">Slept 5 seconds.</msg>
<arg>time_=5</arg>
<doc>Pauses the test executed for the given time.</doc>
<status status="PASS" start="2025-07-13T22:49:06.831379" elapsed="5.000284"/>
</kw>
<kw name="Naviguer à la création du ticket IU" owner="servicenow_keywords">
<kw name="Cliquer Sur Bouton All" owner="navigation">
<msg time="2025-07-13T22:49:11.849909" level="INFO">[1/30] Tentative de clic sur le bouton 'All'...
Clic sur le bouton 'All' réussi.</msg>
<status status="PASS" start="2025-07-13T22:49:11.832401" elapsed="0.017508"/>
</kw>
<kw name="Rechercher Et Selectionner Creer Iu" owner="navigation">
<msg time="2025-07-13T22:49:14.809735" level="INFO">[1/30] Tentative d’accès à la barre de recherche contextuelle...
Texte 'Créer IU' saisi dans la barre contextuelle.
[1/30] Tentative de clic sur le favori 'Créer IU'...
[2/30] Tentative de clic sur le favori 'Créer IU'...
[3/30] Tentative de clic sur le favori 'Créer IU'...
[4/30] Tentative de clic sur le favori 'Créer IU'...
[5/30] Tentative de clic sur le favori 'Créer IU'...
[6/30] Tentative de clic sur le favori 'Créer IU'...
[7/30] Tentative de clic sur le favori 'Créer IU'...
[8/30] Tentative de clic sur le favori 'Créer IU'...
[9/30] Tentative de clic sur le favori 'Créer IU'...
Clic sur 'Créer IU' dans les favoris réussi.</msg>
<status status="PASS" start="2025-07-13T22:49:11.849909" elapsed="2.959826"/>
</kw>
<status status="PASS" start="2025-07-13T22:49:11.832401" elapsed="2.977334"/>
</kw>
<kw name="Sleep" owner="BuiltIn">
<msg time="2025-07-13T22:49:19.811589" level="INFO">Slept 5 seconds.</msg>
<arg>time_=5</arg>
<doc>Pauses the test executed for the given time.</doc>
<status status="PASS" start="2025-07-13T22:49:14.809735" elapsed="5.001854"/>
</kw>
<kw name="Remplir les champs du ticket IU" owner="servicenow_keywords">
<kw name="Remplir Champs Obligatoires Iu" owner="champs">
<msg time="2025-07-13T22:49:42.781481" level="INFO">[1/30] Tentative de récupération de l’iframe principale...
[INFO] Iframe principale trouvée et activée.
[INFO] ID Contrat rempli : 610000000074
Attente du champ catégorie dans le DOM...
Attente du champ sous-catégorie dans le DOM...
[WARN] Timeout d’attente de redirection. URL actuelle : https://bouyguestelecomltt3.service-now.com/now/nav/ui/classic/params/target/u_savftth.do%3Fsys_id%3Da5f8765887feae10e93e433d8bbb35da%26sysparm_view%3D</msg>
<msg time="2025-07-13T22:49:42.781481" level="INFO">${url} = https://bouyguestelecomltt3.service-now.com/now/nav/ui/classic/params/target/u_savftth.do%3Fsys_id%3Da5f8765887feae10e93e433d8bbb35da%26sysparm_view%3D</msg>
<var>${url}</var>
<arg>610000000074</arg>
<status status="PASS" start="2025-07-13T22:49:19.811589" elapsed="22.969892"/>
</kw>
<return>
<value>${url}</value>
<status status="PASS" start="2025-07-13T22:49:42.781481" elapsed="0.000000"/>
</return>
<msg time="2025-07-13T22:49:42.782523" level="INFO">${url_ticket} = https://bouyguestelecomltt3.service-now.com/now/nav/ui/classic/params/target/u_savftth.do%3Fsys_id%3Da5f8765887feae10e93e433d8bbb35da%26sysparm_view%3D</msg>
<var>${url_ticket}</var>
<status status="PASS" start="2025-07-13T22:49:19.811589" elapsed="22.970934"/>
</kw>
<kw name="Sleep" owner="BuiltIn">
<msg time="2025-07-13T22:49:47.783451" level="INFO">Slept 5 seconds.</msg>
<arg>time_=5</arg>
<doc>Pauses the test executed for the given time.</doc>
<status status="PASS" start="2025-07-13T22:49:42.782523" elapsed="5.000928"/>
</kw>
<doc>Simule la création d’un ticket LTT ServiceNow et vérifie l’ensemble des éléments requis.</doc>
<status status="PASS" start="2025-07-13T22:48:59.025002" elapsed="48.759439"/>
</test>
<test id="s1-t2" name="DDI" line="16">
<kw name="Forcer Raz et Mettre Le Ticket Actif" owner="servicenow_keywords">
<kw name="Forcer Raz Et Mettre Ticket Actif" owner="ddi">
<msg time="2025-07-13T22:49:52.190050" level="INFO">[INFO] Déjà dans l’iframe, aucune action nécessaire.</msg>
<status status="PASS" start="2025-07-13T22:49:47.786439" elapsed="4.403611"/>
</kw>
<status status="PASS" start="2025-07-13T22:49:47.786439" elapsed="4.403611"/>
</kw>
<kw name="Sleep" owner="BuiltIn">
<msg time="2025-07-13T22:49:57.191605" level="INFO">Slept 5 seconds.</msg>
<arg>time_=5</arg>
<doc>Pauses the test executed for the given time.</doc>
<status status="PASS" start="2025-07-13T22:49:52.191215" elapsed="5.000390"/>
</kw>
<kw name="Affecter Ticket à l'utilisateur" owner="servicenow_keywords">
<kw name="Affecter Ticket" owner="ddi">
<msg time="2025-07-13T22:50:02.797041" level="INFO">[INFO] ✅ Affectation du ticket à Altst004 ALTST004 réussie.</msg>
<arg>${login}</arg>
<status status="PASS" start="2025-07-13T22:49:57.192614" elapsed="5.604427"/>
</kw>
<arg>Altst004 ALTST004</arg>
<status status="PASS" start="2025-07-13T22:49:57.191605" elapsed="5.606434"/>
</kw>
<kw name="Sleep" owner="BuiltIn">
<msg time="2025-07-13T22:50:07.799320" level="INFO">Slept 5 seconds.</msg>
<arg>time_=5</arg>
<doc>Pauses the test executed for the given time.</doc>
<status status="PASS" start="2025-07-13T22:50:02.798039" elapsed="5.001281"/>
</kw>
<kw name="Lancer Demande Information" owner="servicenow_keywords">
<kw name="Cliquer Sur Demande Information" owner="ddi">
<status status="PASS" start="2025-07-13T22:50:07.800151" elapsed="0.635174"/>
</kw>
<kw name="Remplir Motif Et Worknote" owner="ddi">
<status status="PASS" start="2025-07-13T22:50:08.435325" elapsed="0.684068"/>
</kw>
<kw name="Confirmer Demande Information" owner="ddi">
<status status="PASS" start="2025-07-13T22:50:09.120438" elapsed="0.642017"/>
</kw>
<status status="PASS" start="2025-07-13T22:50:07.800151" elapsed="1.962304"/>
</kw>
<kw name="Sleep" owner="BuiltIn">
<msg time="2025-07-13T22:50:14.763803" level="INFO">Slept 5 seconds.</msg>
<arg>time_=5</arg>
<doc>Pauses the test executed for the given time.</doc>
<status status="PASS" start="2025-07-13T22:50:09.763452" elapsed="5.000351"/>
</kw>
<kw name="Verification envoi SMS" owner="servicenow_keywords">
<kw name="Verifier Etat Et Etape Technique" owner="ddi">
<msg time="2025-07-13T22:50:14.914354" level="INFO">[DEBUG] État visible (label) : freezed
[DEBUG] Étape technique : attente_client_ddi</msg>
<status status="PASS" start="2025-07-13T22:50:14.764820" elapsed="0.149534"/>
</kw>
<kw name="Verifier Envoi Sms" owner="ddi">
<msg time="2025-07-13T22:50:15.001033" level="INFO">[DEBUG] Contenu global des notes de travail :
l'enrichissement des données est incomplet:
brand,service,offer label,client case number,client status,subscription type,client login,title,email,home phone,id srv,pto,building operator,postal code,slot,fiber,pm address,city,pbo,pm type,tube,coupler,module position,outlet prestation reference,id link,panel id,pm port,pm,ont id,oi module name,pm engineering type,address,id oss,olt,zone type,pon port,external id

[AVERTISSEMENT] ⚠️ Aucun message relatif au SMS trouvé</msg>
<arg>ddi</arg>
<status status="PASS" start="2025-07-13T22:50:14.914354" elapsed="0.086679"/>
</kw>
<kw name="Recuperer Numero Ticket" owner="ddi">
<msg time="2025-07-13T22:50:15.014482" level="INFO">${numero_ticket} = SAV-FTTH0007208985</msg>
<msg time="2025-07-13T22:50:15.014482" level="INFO">[INFO] Numéro du ticket récupéré et stocké : SAV-FTTH0007208985</msg>
<msg time="2025-07-13T22:50:15.014482" level="INFO">${numero_ticket} = SAV-FTTH0007208985</msg>
<var>${numero_ticket}</var>
<status status="PASS" start="2025-07-13T22:50:15.001033" elapsed="0.013449"/>
</kw>
<kw name="Log To Console" owner="BuiltIn">
<arg>Le ticket est : ${numero_ticket}</arg>
<doc>Logs the given message to the console.</doc>
<status status="PASS" start="2025-07-13T22:50:15.014482" elapsed="0.000000"/>
</kw>
<status status="PASS" start="2025-07-13T22:50:14.764820" elapsed="0.250661"/>
</kw>
<status status="PASS" start="2025-07-13T22:49:47.785450" elapsed="27.230031"/>
</test>
<test id="s1-t3" name="Date Prévisionnelle De Dégel" line="29">
<kw name="Sleep" owner="BuiltIn">
<msg time="2025-07-13T22:50:20.016643" level="INFO">Slept 5 seconds.</msg>
<arg>time_=5</arg>
<doc>Pauses the test executed for the given time.</doc>
<status status="PASS" start="2025-07-13T22:50:15.016481" elapsed="5.000162"/>
</kw>
<kw name="Aller à l'URL du Ticket" owner="servicenow_keywords">
<kw name="Aller À Lien Ticket" owner="ddi">
<arg>${url}</arg>
<status status="PASS" start="2025-07-13T22:50:20.017651" elapsed="0.365251"/>
</kw>
<arg>https://bouyguestelecomltt3.service-now.com/now/nav/ui/classic/params/target/%24pa_dashboard.do</arg>
<status status="PASS" start="2025-07-13T22:50:20.017651" elapsed="0.365251"/>
</kw>
<kw name="Sleep" owner="BuiltIn">
<msg time="2025-07-13T22:50:30.383404" level="INFO">Slept 10 seconds.</msg>
<arg>time_=10</arg>
<doc>Pauses the test executed for the given time.</doc>
<status status="PASS" start="2025-07-13T22:50:20.382902" elapsed="10.000502"/>
</kw>
<kw name="Aller à la Vue des Tickets SAV" owner="servicenow_keywords">
<kw name="Cliquer Sur Bouton All" owner="navigation">
<msg time="2025-07-13T22:50:30.422886" level="INFO">[1/30] Tentative de clic sur le bouton 'All'...
Clic sur le bouton 'All' réussi.</msg>
<status status="PASS" start="2025-07-13T22:50:30.383404" elapsed="0.039482"/>
</kw>
<kw name="Rechercher Et Selectionner Vue Tickets Sav" owner="ddi">
<msg time="2025-07-13T22:50:31.046759" level="INFO">[1/30] Accès à la barre de recherche contextuelle...
[OK] Saisie dans la barre contextuelle réussie.
[1/30] Clic sur l'élément 'ticket SAV - tickets ouverts SAV FTTH (BO)'...
[2/30] Clic sur l'élément 'ticket SAV - tickets ouverts SAV FTTH (BO)'...
[OK] Clic sur la vue 'ticket SAV...' réussi.</msg>
<status status="PASS" start="2025-07-13T22:50:30.422886" elapsed="0.623873"/>
</kw>
<status status="PASS" start="2025-07-13T22:50:30.383404" elapsed="0.663355"/>
</kw>
<kw name="Sleep" owner="BuiltIn">
<msg time="2025-07-13T22:50:36.048382" level="INFO">Slept 5 seconds.</msg>
<arg>time_=5</arg>
<doc>Pauses the test executed for the given time.</doc>
<status status="PASS" start="2025-07-13T22:50:31.047758" elapsed="5.000624"/>
</kw>
<kw name="Rechercher et Modifier le Ticket DDI1" owner="servicenow_keywords">
<kw name="Rechercher Ticket Par Numero" owner="ddi">
<msg time="2025-07-13T22:50:36.681538" level="INFO">[1/30] Tentative de récupération de l’iframe principale...
[INFO] Iframe principale trouvée et activée.
[INFO] Recherche du ticket SAV-FTTH0007208985 effectuée.</msg>
<status status="PASS" start="2025-07-13T22:50:36.048382" elapsed="0.633596"/>
</kw>
<status status="PASS" start="2025-07-13T22:50:36.048382" elapsed="0.633967"/>
</kw>
<kw name="Sleep" owner="BuiltIn">
<msg time="2025-07-13T22:50:41.684320" level="INFO">Slept 5 seconds.</msg>
<arg>time_=5</arg>
<doc>Pauses the test executed for the given time.</doc>
<status status="PASS" start="2025-07-13T22:50:36.682618" elapsed="5.001702"/>
</kw>
<kw name="Modifier Date Previsionnelle Via Calendrier" owner="ddi">
<msg time="2025-07-13T22:50:43.708184" level="INFO">[INFO] Déjà dans l’iframe, aucune action nécessaire.
[DEBUG] Now local = 13/07/2025 22:50:41
[DEBUG] Target date = 13/07/2025 23:52:41
[INFO] Double clic effectué sur le calendrier.
[INFO] Calendrier bien ouvert (champ heure visible).
[DEBUG] aria-label attendu = Sunday, July 13, 2025
[INFO] Jour sélectionné avec aria-label : Sunday, July 13, 2025
[INFO] Champ hh rempli avec 23
[INFO] Champ mm rempli avec 52
[INFO] Champ ss rempli avec 41
[INFO] Validation par clic hors calendrier.
[INFO] Date prévisionnelle fixée à : 13/07/2025 23:52:41</msg>
<status status="PASS" start="2025-07-13T22:50:41.684320" elapsed="2.024889"/>
</kw>
<status status="PASS" start="2025-07-13T22:50:15.016481" elapsed="28.692728"/>
</test>
<test id="s1-t4" name="Relance DDI1" line="39">
<kw name="Cliquer Sur Numero Ticket" owner="ddi">
<msg time="2025-07-13T22:50:46.468910" level="INFO">[DEBUG] Tentative de clic sur le numéro de ticket SAV-FTTH0007208985
[INFO] Clic réussi sur le ticket SAV-FTTH0007208985</msg>
<status status="PASS" start="2025-07-13T22:50:43.711644" elapsed="2.758295"/>
</kw>
<kw name="Sleep" owner="BuiltIn">
<msg time="2025-07-13T22:50:51.471714" level="INFO">Slept 5 seconds.</msg>
<arg>time_=5</arg>
<doc>Pauses the test executed for the given time.</doc>
<status status="PASS" start="2025-07-13T22:50:46.470940" elapsed="5.000774"/>
</kw>
<kw name="Attendre Le Motif Du Gel" owner="servicenow_keywords">
<kw name="Attendre Motif Gel" owner="ddi">
<msg time="2025-07-13T22:51:46.510475" level="INFO">[INFO] Déjà dans l’iframe, aucune action nécessaire.
[DEBUG] Début de l'attente du motif de gel : relance ddi1
[DEBUG] Motif gel actuel : demande d'information
[DEBUG] Motif gel actuel : demande d'information
[DEBUG] Motif gel actuel : demande d'information
[DEBUG] Motif gel actuel : demande d'information
[DEBUG] Motif gel actuel : demande d'information
[DEBUG] Motif gel actuel : demande d'information
[DEBUG] Motif gel actuel : demande d'information
[DEBUG] Motif gel actuel : demande d'information
[DEBUG] Motif gel actuel : demande d'information
[WARN] Lecture motif échouée : Execution terminated by signal</msg>
<errors>
<msg time="2025-07-13T22:51:46.510475" level="ERROR">Execution stopped by user.</msg>
</errors>
</robot>
