<?xml version="1.0" encoding="UTF-8"?>
<robot generator="Robot 7.2.2 (Python 3.13.2 on win32)" generated="2025-07-15T17:33:29.135860" rpa="false" schemaversion="5">
<suite id="s1" name="Test Fermeture Ticket" source="C:\Test_Snow\ProjetAlten\tests\test_fermeture_ticket.robot">
<kw name="Ouvrir le navigateur ServiceNow" owner="Fermeture_Ticket_KeyW" type="SETUP">
<kw name="Open Browser" owner="SeleniumLibrary">
<msg time="2025-07-15T17:33:29.614782" level="INFO">Opening browser 'chrome' to base url 'https://bouyguestelecomltt3.service-now.com/'.</msg>
<arg>${SERVICENOW_URL}</arg>
<arg>${BROWSER}</arg>
<doc>Opens a new browser instance to the optional ``url``.</doc>
<status status="PASS" start="2025-07-15T17:33:29.614465" elapsed="5.556064"/>
</kw>
<kw name="Maximize Browser Window" owner="SeleniumLibrary">
<doc>Maximizes current browser window.</doc>
<status status="PASS" start="2025-07-15T17:33:35.171024" elapsed="0.102535"/>
</kw>
<status status="PASS" start="2025-07-15T17:33:29.613706" elapsed="5.660117"/>
</kw>
<test id="s1-t1" name="Test Qualité Mail Complet" line="8">
<kw name="Se connecter à ServiceNow" owner="Fermeture_Ticket_KeyW">
<kw name="Wait Until Element Is Visible" owner="SeleniumLibrary">
<arg>id=user_name</arg>
<arg>timeout=15s</arg>
<doc>Waits until the element ``locator`` is visible.</doc>
<status status="PASS" start="2025-07-15T17:33:35.277093" elapsed="0.082791"/>
</kw>
<kw name="Input Text" owner="SeleniumLibrary">
<msg time="2025-07-15T17:33:35.360799" level="INFO">Typing text 'altst004' into text field 'id=user_name'.</msg>
<arg>id=user_name</arg>
<arg>${SNOW_USERNAME}</arg>
<doc>Types the given ``text`` into the text field identified by ``locator``.</doc>
<status status="PASS" start="2025-07-15T17:33:35.360298" elapsed="0.243604"/>
</kw>
<kw name="Input Text" owner="SeleniumLibrary">
<msg time="2025-07-15T17:33:35.604779" level="INFO">Typing text 'Automatisation@2023' into text field 'id=user_password'.</msg>
<arg>id=user_password</arg>
<arg>${SNOW_PASSWORD}</arg>
<doc>Types the given ``text`` into the text field identified by ``locator``.</doc>
<status status="PASS" start="2025-07-15T17:33:35.604252" elapsed="0.149607"/>
</kw>
<kw name="Click Button" owner="SeleniumLibrary">
<msg time="2025-07-15T17:33:35.754675" level="INFO">Clicking button 'id=sysverb_login'.</msg>
<arg>id=sysverb_login</arg>
<doc>Clicks the button identified by ``locator``.</doc>
<status status="PASS" start="2025-07-15T17:33:35.754252" elapsed="8.176205"/>
</kw>
<status status="PASS" start="2025-07-15T17:33:35.276510" elapsed="8.654400"/>
</kw>
<kw name="Sleep" owner="BuiltIn">
<msg time="2025-07-15T17:33:53.932731" level="INFO">Slept 10 seconds.</msg>
<arg>time_=10</arg>
<doc>Pauses the test executed for the given time.</doc>
<status status="PASS" start="2025-07-15T17:33:43.931733" elapsed="10.001396"/>
</kw>
<kw name="Naviguer Vers Lien du Ticket Creer par API" owner="Fermeture_Ticket_KeyW">
<kw name="Go To" owner="SeleniumLibrary">
<msg time="2025-07-15T17:33:53.934987" level="INFO">Opening url 'https://bouyguestelecomltt3.service-now.com/u_savquality.do?sys_id=43ccdfb483fe62105985bfa6feaad3cd&amp;sysparm_stack=u_savquality_list.do?sysparm_query=active=true'</msg>
<arg>https://bouyguestelecomltt3.service-now.com/u_savquality.do?sys_id=43ccdfb483fe62105985bfa6feaad3cd&amp;sysparm_stack=u_savquality_list.do?sysparm_query=active=true</arg>
<doc>Navigates the current browser window to the provided ``url``.</doc>
<status status="PASS" start="2025-07-15T17:33:53.934755" elapsed="4.558342"/>
</kw>
<kw name="Sleep" owner="BuiltIn">
<msg time="2025-07-15T17:34:03.494755" level="INFO">Slept 5 seconds.</msg>
<arg>5s</arg>
<doc>Pauses the test executed for the given time.</doc>
<status status="PASS" start="2025-07-15T17:33:58.493419" elapsed="5.001442"/>
</kw>
<doc>Navigue vers une URL spécifique du ticket ServiceNow pour Validation.</doc>
<status status="PASS" start="2025-07-15T17:33:53.934108" elapsed="9.560835"/>
</kw>
<kw name="Verifier Etat Clos" owner="ShadowFermetureTicket">
<msg time="2025-07-15T17:34:03.533463" level="INFO">✅ Le ticket est bien à l'état 'Clos'.</msg>
<status status="PASS" start="2025-07-15T17:34:03.495472" elapsed="0.038067"/>
</kw>
<kw name="Sleep" owner="BuiltIn">
<msg time="2025-07-15T17:34:13.534537" level="INFO">Slept 10 seconds.</msg>
<arg>time_=10</arg>
<doc>Pauses the test executed for the given time.</doc>
<status status="PASS" start="2025-07-15T17:34:03.533999" elapsed="10.000702"/>
</kw>
<doc>Simule une demande d'information</doc>
<status status="PASS" start="2025-07-15T17:33:35.274021" elapsed="38.261112"/>
</test>
<status status="PASS" start="2025-07-15T17:33:29.138383" elapsed="44.398865"/>
</suite>
<statistics>
<total>
<stat pass="1" fail="0" skip="0">All Tests</stat>
</total>
<tag>
</tag>
<suite>
<stat name="Test Fermeture Ticket" id="s1" pass="1" fail="0" skip="0">Test Fermeture Ticket</stat>
</suite>
</statistics>
<errors>
</errors>
</robot>
