<?xml version="1.0" encoding="UTF-8"?>
<robot generator="Robot 7.2.2 (Python 3.13.2 on win32)" generated="2025-07-02T17:31:06.056681" rpa="false" schemaversion="5">
<suite id="s1" name="Test Qualite Mail" source="C:\Test_Snow\ProjetAlten\tests\test_qualite_mail.robot">
<kw name="Ouvrir le navigateur ServiceNow" owner="Qualite_mail_Keywords" type="SETUP">
<kw name="Open Browser" owner="SeleniumLibrary">
<msg time="2025-07-02T17:31:06.329481" level="INFO">Opening browser 'chrome' to base url 'https://bouyguestelecomltt3.service-now.com/'.</msg>
<arg>${SERVICENOW_URL}</arg>
<arg>${BROWSER}</arg>
<doc>Opens a new browser instance to the optional ``url``.</doc>
<status status="PASS" start="2025-07-02T17:31:06.329120" elapsed="6.853990"/>
</kw>
<kw name="Maximize Browser Window" owner="SeleniumLibrary">
<doc>Maximizes current browser window.</doc>
<status status="PASS" start="2025-07-02T17:31:13.183362" elapsed="0.044380"/>
</kw>
<status status="PASS" start="2025-07-02T17:31:06.327770" elapsed="6.900277"/>
</kw>
<test id="s1-t1" name="Test Qualité Mail Complet" line="8">
<kw name="Se connecter à ServiceNow" owner="Qualite_mail_Keywords">
<kw name="Wait Until Element Is Visible" owner="SeleniumLibrary">
<arg>id=user_name</arg>
<arg>timeout=15s</arg>
<doc>Waits until the element ``locator`` is visible.</doc>
<status status="PASS" start="2025-07-02T17:31:13.229579" elapsed="0.030513"/>
</kw>
<kw name="Input Text" owner="SeleniumLibrary">
<msg time="2025-07-02T17:31:13.261942" level="INFO">Typing text 'altst004' into text field 'id=user_name'.</msg>
<arg>id=user_name</arg>
<arg>${SNOW_USERNAME}</arg>
<doc>Types the given ``text`` into the text field identified by ``locator``.</doc>
<status status="PASS" start="2025-07-02T17:31:13.261079" elapsed="0.124563"/>
</kw>
<kw name="Input Text" owner="SeleniumLibrary">
<msg time="2025-07-02T17:31:13.386849" level="INFO">Typing text 'Automatisation@2023' into text field 'id=user_password'.</msg>
<arg>id=user_password</arg>
<arg>${SNOW_PASSWORD}</arg>
<doc>Types the given ``text`` into the text field identified by ``locator``.</doc>
<status status="PASS" start="2025-07-02T17:31:13.386186" elapsed="0.128575"/>
</kw>
<kw name="Click Button" owner="SeleniumLibrary">
<msg time="2025-07-02T17:31:13.515328" level="INFO">Clicking button 'id=sysverb_login'.</msg>
<arg>id=sysverb_login</arg>
<doc>Clicks the button identified by ``locator``.</doc>
<status status="PASS" start="2025-07-02T17:31:13.515031" elapsed="21.797264"/>
</kw>
<status status="PASS" start="2025-07-02T17:31:13.229195" elapsed="22.083374"/>
</kw>
<kw name="Sleep" owner="BuiltIn">
<msg time="2025-07-02T17:31:45.314480" level="INFO">Slept 10 seconds.</msg>
<arg>time_=10</arg>
<doc>Pauses the test executed for the given time.</doc>
<status status="PASS" start="2025-07-02T17:31:35.313178" elapsed="10.001457"/>
</kw>
<kw name="Naviguer Vers Lien du Ticket Creer par API" owner="Qualite_mail_Keywords">
<kw name="Go To" owner="SeleniumLibrary">
<msg time="2025-07-02T17:31:45.315689" level="INFO">Opening url 'https://bouyguestelecomltt3.service-now.com/u_savquality.do?sys_id=9546fcb087ea2610e93e433d8bbb35c4&amp;sysparm_stack=u_savquality_list.do?sysparm_query=active=true'</msg>
<arg>https://bouyguestelecomltt3.service-now.com/u_savquality.do?sys_id=9546fcb087ea2610e93e433d8bbb35c4&amp;sysparm_stack=u_savquality_list.do?sysparm_query=active=true</arg>
<doc>Navigates the current browser window to the provided ``url``.</doc>
<status status="PASS" start="2025-07-02T17:31:45.315547" elapsed="5.664982"/>
</kw>
<kw name="Sleep" owner="BuiltIn">
<msg time="2025-07-02T17:31:55.981807" level="INFO">Slept 5 seconds.</msg>
<arg>5s</arg>
<doc>Pauses the test executed for the given time.</doc>
<status status="PASS" start="2025-07-02T17:31:50.980951" elapsed="5.001167"/>
</kw>
<doc>Navigue vers une URL spécifique du ticket ServiceNow pour Validation.</doc>
<status status="PASS" start="2025-07-02T17:31:45.315156" elapsed="10.667279"/>
</kw>
<kw name="Verifier Etat Actif" owner="ShadowQualiteMail">
<status status="PASS" start="2025-07-02T17:31:55.983063" elapsed="0.065575"/>
</kw>
<kw name="Sleep" owner="BuiltIn">
<msg time="2025-07-02T17:32:01.050938" level="INFO">Slept 5 seconds.</msg>
<arg>time_=5</arg>
<doc>Pauses the test executed for the given time.</doc>
<status status="PASS" start="2025-07-02T17:31:56.049969" elapsed="5.001197"/>
</kw>
<kw name="Verifier Etape Technique Attente Docs" owner="ShadowQualiteMail">
<status status="PASS" start="2025-07-02T17:32:01.052036" elapsed="0.064939"/>
</kw>
<kw name="Sleep" owner="BuiltIn">
<msg time="2025-07-02T17:32:06.117761" level="INFO">Slept 5 seconds.</msg>
<arg>time_=5</arg>
<doc>Pauses the test executed for the given time.</doc>
<status status="PASS" start="2025-07-02T17:32:01.117218" elapsed="5.000776"/>
</kw>
<kw name="Verifier Groupe Affectation Attente Photo Client" owner="ShadowQualiteMail">
<status status="PASS" start="2025-07-02T17:32:06.118849" elapsed="0.033738"/>
</kw>
<doc>Simule une demande d'information</doc>
<status status="PASS" start="2025-07-02T17:31:13.228221" elapsed="52.924621"/>
</test>
<status status="PASS" start="2025-07-02T17:31:06.058112" elapsed="60.095626"/>
</suite>
<statistics>
<total>
<stat pass="1" fail="0" skip="0">All Tests</stat>
</total>
<tag>
</tag>
<suite>
<stat name="Test Qualite Mail" id="s1" pass="1" fail="0" skip="0">Test Qualite Mail</stat>
</suite>
</statistics>
<errors>
</errors>
</robot>
